0 info it worked if it ends with ok
1 verbose cli [ '/usr/bin/node',
1 verbose cli   '/usr/bin/npm',
1 verbose cli   'run',
1 verbose cli   'typeorm',
1 verbose cli   '--',
1 verbose cli   'migration:run' ]
2 info using npm@3.5.2
3 info using node@v8.10.0
4 verbose run-script [ 'pretypeorm', 'typeorm', 'posttypeorm' ]
5 info lifecycle typescript-api-example@1.0.0~pretypeorm: typescript-api-example@1.0.0
6 silly lifecycle typescript-api-example@1.0.0~pretypeorm: no script for pretypeorm, continuing
7 info lifecycle typescript-api-example@1.0.0~typeorm: typescript-api-example@1.0.0
8 verbose lifecycle typescript-api-example@1.0.0~typeorm: unsafe-perm in lifecycle true
9 verbose lifecycle typescript-api-example@1.0.0~typeorm: PATH: /usr/share/npm/bin/node-gyp-bin:/mnt/c/Local/Programming/devU-api/node_modules/.bin:/usr/local/sbin:/usr/local/bin:/usr/sbin:/usr/bin:/sbin:/bin:/usr/games:/usr/local/games:/mnt/c/Local/Programming/devU-api/node_modules/.bin:/mnt/c/Program Files/Python39/Scripts/:/mnt/c/Program Files/Python39/:/mnt/c/Program Files (x86)/Common Files/Oracle/Java/javapath:/mnt/c/Program Files (x86)/Common Files/Intel/Shared Libraries/redist/intel64/compiler:/mnt/c/ProgramData/Oracle/Java/javapath:/mnt/c/Windows/system32:/mnt/c/Windows:/mnt/c/Windows/System32/Wbem:/mnt/c/Windows/System32/WindowsPowerShell/v1.0/:/mnt/c/WINDOWS/system32:/mnt/c/WINDOWS:/mnt/c/WINDOWS/System32/Wbem:/mnt/c/WINDOWS/System32/WindowsPowerShell/v1.0/:/mnt/c/Program Files (x86)/NVIDIA Corporation/PhysX/Common:/mnt/c/Program Files/PuTTY/:/mnt/c/Program Files (x86)/GtkSharp/2.12/bin:/mnt/c/Program Files (x86)/Tesseract-OCR:/mnt/c/Program Files (x86)/QuickTime/QTSystem/:/mnt/c/Program Files/NVIDIA Corporation/NVIDIA NvDLISR:/mnt/c/WINDOWS/system32:/mnt/c/WINDOWS:/mnt/c/WINDOWS/System32/Wbem:/mnt/c/WINDOWS/System32/WindowsPowerShell/v1.0/:/mnt/c/WINDOWS/System32/OpenSSH/:/mnt/c/Program Files/Microsoft SQL Server/120/Tools/Binn/:/mnt/c/Program Files/Common Files/Autodesk Shared/:/mnt/c/Program Files/dotnet/:/mnt/c/Program Files/Git/cmd:/mnt/c/Program Files (x86)/dotnet/:/mnt/c/Program Files (x86)/ffmpeg/bin:/mnt/c/Program Files/Docker/Docker/resources/bin:/mnt/c/ProgramData/DockerDesktop/version-bin:/mnt/c/Program Files/nodejs/:/mnt/c/Users/Nicholas/AppData/Local/Programs/Python/Python38/Scripts/:/mnt/c/Users/Nicholas/AppData/Local/Programs/Python/Python38/:/mnt/c/Users/Nicholas/AppData/Local/Programs/Python/Python37/Scripts/:/mnt/c/Users/Nicholas/AppData/Local/Programs/Python/Python37/:/mnt/c/Program Files/MySQL/MySQL Shell 8.0/bin/:/mnt/c/Users/Nicholas/AppData/Local/Programs/Python/Python38-32/Scripts/:/mnt/c/Users/Nicholas/AppData/Local/Programs/Python/Python38-32/:/mnt/c/Users/Nicholas/AppData/Local/Microsoft/WindowsApps:/mnt/c/Users/Nicholas/AppData/Local/GitHubDesktop/bin:/mnt/c/Users/Nicholas/AppData/Local/Microsoft/WindowsApps:/mnt/c/Users/Nicholas/AppData/Local/atom/bin:/mnt/c/Users/Nicholas/AppData/Local/Programs/Microsoft VS Code/bin:/mnt/c/Users/Nicholas/.dotnet/tools:/mnt/c/Users/Nicholas/AppData/Roaming/npm:/snap/bin
10 verbose lifecycle typescript-api-example@1.0.0~typeorm: CWD: /mnt/c/Local/Programming/devU-api
11 silly lifecycle typescript-api-example@1.0.0~typeorm: Args: [ '-c',
11 silly lifecycle   'ts-node ./node_modules/typeorm/cli.js  --config src/database.ts "migration:run"' ]
12 silly lifecycle typescript-api-example@1.0.0~typeorm: Returned: code: 1  signal: null
13 info lifecycle typescript-api-example@1.0.0~typeorm: Failed to exec typeorm script
14 verbose stack Error: typescript-api-example@1.0.0 typeorm: `ts-node ./node_modules/typeorm/cli.js  --config src/database.ts "migration:run"`
14 verbose stack Exit status 1
14 verbose stack     at EventEmitter.<anonymous> (/usr/share/npm/lib/utils/lifecycle.js:232:16)
14 verbose stack     at emitTwo (events.js:126:13)
14 verbose stack     at EventEmitter.emit (events.js:214:7)
14 verbose stack     at ChildProcess.<anonymous> (/usr/share/npm/lib/utils/spawn.js:24:14)
14 verbose stack     at emitTwo (events.js:126:13)
14 verbose stack     at ChildProcess.emit (events.js:214:7)
14 verbose stack     at maybeClose (internal/child_process.js:925:16)
14 verbose stack     at Process.ChildProcess._handle.onexit (internal/child_process.js:209:5)
15 verbose pkgid typescript-api-example@1.0.0
16 verbose cwd /mnt/c/Local/Programming/devU-api
17 error Linux 4.4.0-19041-Microsoft
18 error argv "/usr/bin/node" "/usr/bin/npm" "run" "typeorm" "--" "migration:run"
19 error node v8.10.0
20 error npm  v3.5.2
21 error code ELIFECYCLE
22 error typescript-api-example@1.0.0 typeorm: `ts-node ./node_modules/typeorm/cli.js  --config src/database.ts "migration:run"`
22 error Exit status 1
23 error Failed at the typescript-api-example@1.0.0 typeorm script 'ts-node ./node_modules/typeorm/cli.js  --config src/database.ts "migration:run"'.
23 error Make sure you have the latest version of node.js and npm installed.
23 error If you do, this is most likely a problem with the typescript-api-example package,
23 error not with npm itself.
23 error Tell the author that this fails on your system:
23 error     ts-node ./node_modules/typeorm/cli.js  --config src/database.ts "migration:run"
23 error You can get information on how to open an issue for this project with:
23 error     npm bugs typescript-api-example
23 error Or if that isn't available, you can get their info via:
23 error     npm owner ls typescript-api-example
23 error There is likely additional logging output above.
24 verbose exit [ 1, true ]
